Using pre-set license
Built from '2020.3/staging' branch; Version is '2020.3.6f1 (338bb68529b2) revision 3378102'; Using compiler version '192528614'; Build Type 'Release'
OS: 'Windows 10 Home; OS build 19042.928; Version 2009; 64bit' Language: 'es' Physical Memory: 16326 MB
BatchMode: 1, IsHumanControllingUs: 0, StartBugReporterOnCrash: 0, Is64bit: 1, IsPro: 0

 COMMAND LINE ARGUMENTS:
E:\Programas\ProyectosUnity\2020.3.6f1\Editor\Unity.exe
-adb2
-batchMode
-noUpm
-name
AssetImportWorker0
-projectPath
E:/Programas/ProyectosUnity/CrossyPollo
-logFile
Logs/AssetImportWorker0.log
-srvPort
50095
Successfully changed project path to: E:/Programas/ProyectosUnity/CrossyPollo
E:/Programas/ProyectosUnity/CrossyPollo
Using Asset Import Pipeline V2.
Refreshing native plugins compatible for Editor in 23.50 ms, found 0 plugins.
Preloading 0 native plugins for Editor in 0.00 ms.
Initialize engine version: 2020.3.6f1 (338bb68529b2)
[Subsystems] Discovering subsystems at path E:/Programas/ProyectosUnity/2020.3.6f1/Editor/Data/Resources/UnitySubsystems
[Subsystems] Discovering subsystems at path E:/Programas/ProyectosUnity/CrossyPollo/Assets
GfxDevice: creating device client; threaded=0
Direct3D:
    Version:  Direct3D 11.0 [level 11.1]
    Renderer: NVIDIA GeForce GTX 970 (ID=0x13c2)
    Vendor:   
    VRAM:     4043 MB
    Driver:   27.21.14.6611
Initialize mono
Mono path[0] = 'E:/Programas/ProyectosUnity/2020.3.6f1/Editor/Data/Managed'
Mono path[1] = 'E:/Programas/ProyectosUnity/2020.3.6f1/Editor/Data/MonoBleedingEdge/lib/mono/unityjit'
Mono config path = 'E:/Programas/ProyectosUnity/2020.3.6f1/Editor/Data/MonoBleedingEdge/etc'
Using monoOptions --debugger-agent=transport=dt_socket,embedding=1,server=y,suspend=n,address=127.0.0.1:56988
Begin MonoManager ReloadAssembly
Registering precompiled unity dll's ...
Register platform support module: E:/Programas/ProyectosUnity/2020.3.6f1/Editor/Data/PlaybackEngines/WebGLSupport/UnityEditor.WebGL.Extensions.dll
Register platform support module: E:/Programas/ProyectosUnity/2020.3.6f1/Editor/Data/PlaybackEngines/WindowsStandaloneSupport/UnityEditor.WindowsStandalone.Extensions.dll
Registered in 0.001349 seconds.
Native extension for WindowsStandalone target not found
Native extension for WebGL target not found
Refreshing native plugins compatible for Editor in 25.36 ms, found 0 plugins.
Preloading 0 native plugins for Editor in 0.00 ms.
Mono: successfully reloaded assembly
- Completed reload, in  1.504 seconds
Platform modules already initialized, skipping
Registering precompiled user dll's ...
Registered in 0.000390 seconds.
Begin MonoManager ReloadAssembly
Native extension for WindowsStandalone target not found
Native extension for WebGL target not found
Refreshing native plugins compatible for Editor in 0.28 ms, found 0 plugins.
Preloading 0 native plugins for Editor in 0.00 ms.
Mono: successfully reloaded assembly
- Completed reload, in  0.908 seconds
Platform modules already initialized, skipping
========================================================================
Worker process is ready to serve import requests
Launched and connected shader compiler UnityShaderCompiler.exe after 0.06 seconds
Refreshing native plugins compatible for Editor in 0.22 ms, found 0 plugins.
Preloading 0 native plugins for Editor in 0.00 ms.
Unloading 1132 Unused Serialized files (Serialized files now loaded: 0)
System memory in use before: 58.1 MB.
System memory in use after: 58.1 MB.

Unloading 9 unused Assets to reduce memory usage. Loaded Objects now: 1579.
Total: 1.749500 ms (FindLiveObjects: 0.190100 ms CreateObjectMapping: 0.045700 ms MarkObjects: 1.456400 ms  DeleteObjects: 0.056100 ms)

========================================================================
Received Import Request.
  path: Assets/_GameAssets/Scripts/Player/Player.cs
  artifactKey: Guid(125aa6c7556bc604394c8e66d37ef89b) Importer(815301076,1909f56bfc062723c751e8b465ee728b)
Start importing Assets/_GameAssets/Scripts/Player/Player.cs using Guid(125aa6c7556bc604394c8e66d37ef89b) Importer(815301076,1909f56bfc062723c751e8b465ee728b)  -> (artifact id: '54097d0709b0c88544c9dd32f26b9a79') in 0.100360 seconds
  Import took 0.102417 seconds .

========================================================================
Received Import Request.
  Time since last request: 133.754091 seconds.
  path: Assets/_GameAssets/Scripts/Player/Player.cs
  artifactKey: Guid(125aa6c7556bc604394c8e66d37ef89b) Importer(815301076,1909f56bfc062723c751e8b465ee728b)
Start importing Assets/_GameAssets/Scripts/Player/Player.cs using Guid(125aa6c7556bc604394c8e66d37ef89b) Importer(815301076,1909f56bfc062723c751e8b465ee728b)  -> (artifact id: '1ba847b7a43f6dd8ce5ff69977662df6') in 0.001383 seconds
  Import took 0.003720 seconds .

========================================================================
Received Import Request.
  Time since last request: 0.003418 seconds.
  path: Assets/_GameAssets/Scripts/Player/Player.cs
  artifactKey: Guid(125aa6c7556bc604394c8e66d37ef89b) Importer(815301076,1909f56bfc062723c751e8b465ee728b)
Start importing Assets/_GameAssets/Scripts/Player/Player.cs using Guid(125aa6c7556bc604394c8e66d37ef89b) Importer(815301076,1909f56bfc062723c751e8b465ee728b)  -> (artifact id: '1ba847b7a43f6dd8ce5ff69977662df6') in 0.001428 seconds
  Import took 0.003377 seconds .

========================================================================
Received Prepare
Registering precompiled user dll's ...
Registered in 0.001310 seconds.
Begin MonoManager ReloadAssembly
Native extension for WindowsStandalone target not found
Native extension for WebGL target not found
Refreshing native plugins compatible for Editor in 0.20 ms, found 0 plugins.
Preloading 0 native plugins for Editor in 0.00 ms.
Mono: successfully reloaded assembly
- Completed reload, in  0.772 seconds
Platform modules already initialized, skipping
Refreshing native plugins compatible for Editor in 0.21 ms, found 0 plugins.
Preloading 0 native plugins for Editor in 0.00 ms.
Unloading 1127 Unused Serialized files (Serialized files now loaded: 0)
System memory in use before: 58.0 MB.
System memory in use after: 58.1 MB.

Unloading 5 unused Assets to reduce memory usage. Loaded Objects now: 1582.
Total: 2.209000 ms (FindLiveObjects: 0.290800 ms CreateObjectMapping: 0.052600 ms MarkObjects: 1.812800 ms  DeleteObjects: 0.050900 ms)

========================================================================
Received Prepare
Registering precompiled user dll's ...
Registered in 0.000746 seconds.
Begin MonoManager ReloadAssembly
Native extension for WindowsStandalone target not found
Native extension for WebGL target not found
Refreshing native plugins compatible for Editor in 0.19 ms, found 0 plugins.
Preloading 0 native plugins for Editor in 0.00 ms.
Mono: successfully reloaded assembly
- Completed reload, in  0.771 seconds
Platform modules already initialized, skipping
Refreshing native plugins compatible for Editor in 0.19 ms, found 0 plugins.
Preloading 0 native plugins for Editor in 0.00 ms.
Unloading 1127 Unused Serialized files (Serialized files now loaded: 0)
System memory in use before: 58.1 MB.
System memory in use after: 58.1 MB.

Unloading 5 unused Assets to reduce memory usage. Loaded Objects now: 1585.
Total: 1.474600 ms (FindLiveObjects: 0.109000 ms CreateObjectMapping: 0.032100 ms MarkObjects: 1.293000 ms  DeleteObjects: 0.039500 ms)

========================================================================
Received Prepare
Registering precompiled user dll's ...
Registered in 0.000695 seconds.
Begin MonoManager ReloadAssembly
Native extension for WindowsStandalone target not found
Native extension for WebGL target not found
Refreshing native plugins compatible for Editor in 0.48 ms, found 0 plugins.
Preloading 0 native plugins for Editor in 0.00 ms.
Mono: successfully reloaded assembly
- Completed reload, in  0.772 seconds
Platform modules already initialized, skipping
Refreshing native plugins compatible for Editor in 0.21 ms, found 0 plugins.
Preloading 0 native plugins for Editor in 0.00 ms.
Unloading 1127 Unused Serialized files (Serialized files now loaded: 0)
System memory in use before: 58.1 MB.
System memory in use after: 58.1 MB.

Unloading 5 unused Assets to reduce memory usage. Loaded Objects now: 1588.
Total: 1.771600 ms (FindLiveObjects: 0.214000 ms CreateObjectMapping: 0.076200 ms MarkObjects: 1.430500 ms  DeleteObjects: 0.048900 ms)

========================================================================
Received Prepare
Registering precompiled user dll's ...
Registered in 0.000462 seconds.
Begin MonoManager ReloadAssembly
Native extension for WindowsStandalone target not found
Native extension for WebGL target not found
Refreshing native plugins compatible for Editor in 0.21 ms, found 0 plugins.
Preloading 0 native plugins for Editor in 0.00 ms.
Mono: successfully reloaded assembly
- Completed reload, in  0.700 seconds
Platform modules already initialized, skipping
Refreshing native plugins compatible for Editor in 0.20 ms, found 0 plugins.
Preloading 0 native plugins for Editor in 0.00 ms.
Unloading 1127 Unused Serialized files (Serialized files now loaded: 0)
System memory in use before: 58.1 MB.
System memory in use after: 58.2 MB.

Unloading 5 unused Assets to reduce memory usage. Loaded Objects now: 1591.
Total: 1.504900 ms (FindLiveObjects: 0.132000 ms CreateObjectMapping: 0.054200 ms MarkObjects: 1.278100 ms  DeleteObjects: 0.039400 ms)

========================================================================
Received Prepare
Registering precompiled user dll's ...
Registered in 0.000576 seconds.
Begin MonoManager ReloadAssembly
Native extension for WindowsStandalone target not found
Native extension for WebGL target not found
Refreshing native plugins compatible for Editor in 0.21 ms, found 0 plugins.
Preloading 0 native plugins for Editor in 0.00 ms.
Mono: successfully reloaded assembly
- Completed reload, in  0.816 seconds
Platform modules already initialized, skipping
Refreshing native plugins compatible for Editor in 0.21 ms, found 0 plugins.
Preloading 0 native plugins for Editor in 0.00 ms.
Unloading 1127 Unused Serialized files (Serialized files now loaded: 0)
System memory in use before: 58.1 MB.
System memory in use after: 58.2 MB.

Unloading 5 unused Assets to reduce memory usage. Loaded Objects now: 1594.
Total: 2.886800 ms (FindLiveObjects: 0.306600 ms CreateObjectMapping: 0.112000 ms MarkObjects: 2.417600 ms  DeleteObjects: 0.048000 ms)

========================================================================
Received Import Request.
  Time since last request: 817.364368 seconds.
  path: Assets/_GameAssets/Prefabs/Score.prefab
  artifactKey: Guid(b9bbc15bf0b63a7499be72bed7d1758f) Importer(815301076,1909f56bfc062723c751e8b465ee728b)
Start importing Assets/_GameAssets/Prefabs/Score.prefab using Guid(b9bbc15bf0b63a7499be72bed7d1758f) Importer(815301076,1909f56bfc062723c751e8b465ee728b)  -> (artifact id: 'ace438db295bfa2d6919b61d60dc8e6f') in 0.113619 seconds
  Import took 0.115950 seconds .

========================================================================
Received Prepare
Registering precompiled user dll's ...
Registered in 0.000630 seconds.
Begin MonoManager ReloadAssembly
Native extension for WindowsStandalone target not found
Native extension for WebGL target not found
Refreshing native plugins compatible for Editor in 0.20 ms, found 0 plugins.
Preloading 0 native plugins for Editor in 0.00 ms.
Mono: successfully reloaded assembly
- Completed reload, in  0.685 seconds
Platform modules already initialized, skipping
Refreshing native plugins compatible for Editor in 0.25 ms, found 0 plugins.
Preloading 0 native plugins for Editor in 0.00 ms.
Unloading 1127 Unused Serialized files (Serialized files now loaded: 0)
System memory in use before: 61.2 MB.
System memory in use after: 61.3 MB.

Unloading 5 unused Assets to reduce memory usage. Loaded Objects now: 1605.
Total: 3.088200 ms (FindLiveObjects: 0.167900 ms CreateObjectMapping: 0.070400 ms MarkObjects: 2.754600 ms  DeleteObjects: 0.093200 ms)

========================================================================
Received Import Request.
  Time since last request: 32.133480 seconds.
  path: Assets/_GameAssets/Prefabs/Vehiculos/Camion.prefab
  artifactKey: Guid(debd451e8d986ca49939a918825cbfdc) Importer(815301076,1909f56bfc062723c751e8b465ee728b)
Start importing Assets/_GameAssets/Prefabs/Vehiculos/Camion.prefab using Guid(debd451e8d986ca49939a918825cbfdc) Importer(815301076,1909f56bfc062723c751e8b465ee728b)  -> (artifact id: '94892776387699c91420537ab04f1c81') in 0.079457 seconds
  Import took 0.081868 seconds .

========================================================================
Received Import Request.
  Time since last request: 36.630590 seconds.
  path: Assets/_GameAssets/Prefabs/Vehiculos/Coche.prefab
  artifactKey: Guid(c6d1b89cb50e4d94296abe560ea6ad7e) Importer(815301076,1909f56bfc062723c751e8b465ee728b)
Start importing Assets/_GameAssets/Prefabs/Vehiculos/Coche.prefab using Guid(c6d1b89cb50e4d94296abe560ea6ad7e) Importer(815301076,1909f56bfc062723c751e8b465ee728b)  -> (artifact id: '745d04d63443e95f42d3655b5f9e5d48') in 0.016004 seconds
  Import took 0.018379 seconds .

========================================================================
Received Prepare
Registering precompiled user dll's ...
Registered in 0.000772 seconds.
Begin MonoManager ReloadAssembly
Native extension for WindowsStandalone target not found
Native extension for WebGL target not found
Refreshing native plugins compatible for Editor in 0.37 ms, found 0 plugins.
Preloading 0 native plugins for Editor in 0.00 ms.
Mono: successfully reloaded assembly
- Completed reload, in  0.747 seconds
Platform modules already initialized, skipping
Refreshing native plugins compatible for Editor in 0.19 ms, found 0 plugins.
Preloading 0 native plugins for Editor in 0.00 ms.
Unloading 1127 Unused Serialized files (Serialized files now loaded: 0)
System memory in use before: 61.2 MB.
System memory in use after: 61.3 MB.

Unloading 5 unused Assets to reduce memory usage. Loaded Objects now: 1609.
Total: 1.685500 ms (FindLiveObjects: 0.128000 ms CreateObjectMapping: 0.033900 ms MarkObjects: 1.476600 ms  DeleteObjects: 0.046100 ms)

========================================================================
Received Import Request.
  Time since last request: 7.671845 seconds.
  path: Assets/_GameAssets/Prefabs/Vehiculos/Camion.prefab
  artifactKey: Guid(debd451e8d986ca49939a918825cbfdc) Importer(815301076,1909f56bfc062723c751e8b465ee728b)
Start importing Assets/_GameAssets/Prefabs/Vehiculos/Camion.prefab using Guid(debd451e8d986ca49939a918825cbfdc) Importer(815301076,1909f56bfc062723c751e8b465ee728b)  -> (artifact id: '002a3fc04a48363163a115c12eed19e2') in 0.061447 seconds
  Import took 0.063653 seconds .

========================================================================
Received Import Request.
  Time since last request: 1.845391 seconds.
  path: Assets/_GameAssets/Prefabs/Vehiculos/Coche.prefab
  artifactKey: Guid(c6d1b89cb50e4d94296abe560ea6ad7e) Importer(815301076,1909f56bfc062723c751e8b465ee728b)
Start importing Assets/_GameAssets/Prefabs/Vehiculos/Coche.prefab using Guid(c6d1b89cb50e4d94296abe560ea6ad7e) Importer(815301076,1909f56bfc062723c751e8b465ee728b)  -> (artifact id: '6b74623655f84b287c6955796f892f39') in 0.007725 seconds
  Import took 0.011677 seconds .

========================================================================
Received Import Request.
  Time since last request: 33.854724 seconds.
  path: Assets/_GameAssets/Prefabs/TramoRio.prefab
  artifactKey: Guid(5efa890ca37fb0e448843fe6a4a6d2ac) Importer(815301076,1909f56bfc062723c751e8b465ee728b)
Start importing Assets/_GameAssets/Prefabs/TramoRio.prefab using Guid(5efa890ca37fb0e448843fe6a4a6d2ac) Importer(815301076,1909f56bfc062723c751e8b465ee728b)  -> (artifact id: '51314083cf4bb04f4fc10ba5e8a32ae1') in 0.051113 seconds
  Import took 0.071014 seconds .

========================================================================
Received Prepare
Registering precompiled user dll's ...
Registered in 0.000604 seconds.
Begin MonoManager ReloadAssembly
Native extension for WindowsStandalone target not found
Native extension for WebGL target not found
Refreshing native plugins compatible for Editor in 0.31 ms, found 0 plugins.
Preloading 0 native plugins for Editor in 0.00 ms.
Mono: successfully reloaded assembly
- Completed reload, in  0.733 seconds
Platform modules already initialized, skipping
Refreshing native plugins compatible for Editor in 0.23 ms, found 0 plugins.
Preloading 0 native plugins for Editor in 0.00 ms.
Unloading 1127 Unused Serialized files (Serialized files now loaded: 0)
System memory in use before: 61.3 MB.
System memory in use after: 61.3 MB.

Unloading 6 unused Assets to reduce memory usage. Loaded Objects now: 1613.
Total: 1.712000 ms (FindLiveObjects: 0.194000 ms CreateObjectMapping: 0.047100 ms MarkObjects: 1.424500 ms  DeleteObjects: 0.044600 ms)

========================================================================
Received Prepare
Registering precompiled user dll's ...
Registered in 0.000515 seconds.
Begin MonoManager ReloadAssembly
Native extension for WindowsStandalone target not found
Native extension for WebGL target not found
Refreshing native plugins compatible for Editor in 0.20 ms, found 0 plugins.
Preloading 0 native plugins for Editor in 0.00 ms.
Mono: successfully reloaded assembly
- Completed reload, in  0.697 seconds
Platform modules already initialized, skipping
Refreshing native plugins compatible for Editor in 0.19 ms, found 0 plugins.
Preloading 0 native plugins for Editor in 0.00 ms.
Unloading 1127 Unused Serialized files (Serialized files now loaded: 0)
System memory in use before: 61.3 MB.
System memory in use after: 61.3 MB.

Unloading 5 unused Assets to reduce memory usage. Loaded Objects now: 1616.
Total: 2.581000 ms (FindLiveObjects: 0.158000 ms CreateObjectMapping: 0.077600 ms MarkObjects: 2.287000 ms  DeleteObjects: 0.057000 ms)

========================================================================
Received Import Request.
  Time since last request: 102.786917 seconds.
  path: Assets/_GameAssets/Scripts/Player/Apoyado.cs
  artifactKey: Guid(3f5ab84bc9d566d49a9607abfbe37119) Importer(815301076,1909f56bfc062723c751e8b465ee728b)
Start importing Assets/_GameAssets/Scripts/Player/Apoyado.cs using Guid(3f5ab84bc9d566d49a9607abfbe37119) Importer(815301076,1909f56bfc062723c751e8b465ee728b)  -> (artifact id: '657fa80c9d004de6d26268138b1edf84') in 0.018561 seconds
  Import took 0.021194 seconds .

========================================================================
Received Import Request.
  Time since last request: 0.005526 seconds.
  path: Assets/_GameAssets/Scripts/Player/Apoyado.cs
  artifactKey: Guid(3f5ab84bc9d566d49a9607abfbe37119) Importer(815301076,1909f56bfc062723c751e8b465ee728b)
Start importing Assets/_GameAssets/Scripts/Player/Apoyado.cs using Guid(3f5ab84bc9d566d49a9607abfbe37119) Importer(815301076,1909f56bfc062723c751e8b465ee728b)  -> (artifact id: '657fa80c9d004de6d26268138b1edf84') in 0.003843 seconds
  Import took 0.006731 seconds .

========================================================================
Received Prepare
Registering precompiled user dll's ...
Registered in 0.000554 seconds.
Begin MonoManager ReloadAssembly
Native extension for WindowsStandalone target not found
Native extension for WebGL target not found
Refreshing native plugins compatible for Editor in 0.32 ms, found 0 plugins.
Preloading 0 native plugins for Editor in 0.00 ms.
Mono: successfully reloaded assembly
- Completed reload, in  0.888 seconds
Platform modules already initialized, skipping
Refreshing native plugins compatible for Editor in 0.19 ms, found 0 plugins.
Preloading 0 native plugins for Editor in 0.00 ms.
Unloading 1128 Unused Serialized files (Serialized files now loaded: 0)
System memory in use before: 61.3 MB.
System memory in use after: 61.4 MB.

Unloading 5 unused Assets to reduce memory usage. Loaded Objects now: 1620.
Total: 1.688900 ms (FindLiveObjects: 0.200600 ms CreateObjectMapping: 0.089400 ms MarkObjects: 1.356100 ms  DeleteObjects: 0.041600 ms)

========================================================================
Received Import Request.
  Time since last request: 39.231986 seconds.
  path: Assets/_GameAssets/Prefabs/TramoRio.prefab
  artifactKey: Guid(5efa890ca37fb0e448843fe6a4a6d2ac) Importer(815301076,1909f56bfc062723c751e8b465ee728b)
Start importing Assets/_GameAssets/Prefabs/TramoRio.prefab using Guid(5efa890ca37fb0e448843fe6a4a6d2ac) Importer(815301076,1909f56bfc062723c751e8b465ee728b)  -> (artifact id: 'c1d4dc9cb090c230d3c163a389c98747') in 0.058675 seconds
  Import took 0.061327 seconds .

========================================================================
Received Import Request.
  Time since last request: 0.002700 seconds.
  path: Assets/_GameAssets/Prefabs/TramoRio.prefab
  artifactKey: Guid(5efa890ca37fb0e448843fe6a4a6d2ac) Importer(815301076,1909f56bfc062723c751e8b465ee728b)
Start importing Assets/_GameAssets/Prefabs/TramoRio.prefab using Guid(5efa890ca37fb0e448843fe6a4a6d2ac) Importer(815301076,1909f56bfc062723c751e8b465ee728b)  -> (artifact id: 'c1d4dc9cb090c230d3c163a389c98747') in 0.008715 seconds
  Import took 0.010961 seconds .

========================================================================
Received Import Request.
  Time since last request: 4.074189 seconds.
  path: Assets/_GameAssets/Prefabs/Vehiculos/Tronco.prefab
  artifactKey: Guid(e188b9b03470a6341863e8f5de93fe1e) Importer(815301076,1909f56bfc062723c751e8b465ee728b)
Start importing Assets/_GameAssets/Prefabs/Vehiculos/Tronco.prefab using Guid(e188b9b03470a6341863e8f5de93fe1e) Importer(815301076,1909f56bfc062723c751e8b465ee728b)  -> (artifact id: '688d75daa66f0d790f957f7c070a9406') in 0.020315 seconds
  Import took 0.022799 seconds .

========================================================================
Received Import Request.
  Time since last request: 0.010021 seconds.
  path: Assets/_GameAssets/Prefabs/Vehiculos/Tronco.prefab
  artifactKey: Guid(e188b9b03470a6341863e8f5de93fe1e) Importer(815301076,1909f56bfc062723c751e8b465ee728b)
Start importing Assets/_GameAssets/Prefabs/Vehiculos/Tronco.prefab using Guid(e188b9b03470a6341863e8f5de93fe1e) Importer(815301076,1909f56bfc062723c751e8b465ee728b)  -> (artifact id: '688d75daa66f0d790f957f7c070a9406') in 0.006907 seconds
  Import took 0.009274 seconds .

========================================================================
Received Import Request.
  Time since last request: 12.172727 seconds.
  path: ProjectSettings/TagManager.asset
  artifactKey: Guid(00000000000000003000000000000000) Importer(815301076,1909f56bfc062723c751e8b465ee728b)
Start importing ProjectSettings/TagManager.asset using Guid(00000000000000003000000000000000) Importer(815301076,1909f56bfc062723c751e8b465ee728b)  -> (artifact id: '7960a73919d8baa12bca0e2fc225c862') in 0.011106 seconds
  Import took 0.013067 seconds .

========================================================================
Received Import Request.
  Time since last request: 0.013529 seconds.
  path: ProjectSettings/TagManager.asset
  artifactKey: Guid(00000000000000003000000000000000) Importer(815301076,1909f56bfc062723c751e8b465ee728b)
Start importing ProjectSettings/TagManager.asset using Guid(00000000000000003000000000000000) Importer(815301076,1909f56bfc062723c751e8b465ee728b)  -> (artifact id: '7960a73919d8baa12bca0e2fc225c862') in 0.001914 seconds
  Import took 0.004062 seconds .

========================================================================
Received Prepare
Registering precompiled user dll's ...
Registered in 0.000481 seconds.
Begin MonoManager ReloadAssembly
Native extension for WindowsStandalone target not found
Native extension for WebGL target not found
Refreshing native plugins compatible for Editor in 0.28 ms, found 0 plugins.
Preloading 0 native plugins for Editor in 0.00 ms.
Mono: successfully reloaded assembly
- Completed reload, in  0.794 seconds
Platform modules already initialized, skipping
Refreshing native plugins compatible for Editor in 0.19 ms, found 0 plugins.
Preloading 0 native plugins for Editor in 0.00 ms.
Unloading 1128 Unused Serialized files (Serialized files now loaded: 0)
System memory in use before: 61.3 MB.
System memory in use after: 61.4 MB.

Unloading 8 unused Assets to reduce memory usage. Loaded Objects now: 1624.
Total: 1.681200 ms (FindLiveObjects: 0.109300 ms CreateObjectMapping: 0.032100 ms MarkObjects: 1.493600 ms  DeleteObjects: 0.044900 ms)

========================================================================
Received Prepare
Registering precompiled user dll's ...
Registered in 0.001151 seconds.
Begin MonoManager ReloadAssembly
Native extension for WindowsStandalone target not found
Native extension for WebGL target not found
Refreshing native plugins compatible for Editor in 0.31 ms, found 0 plugins.
Preloading 0 native plugins for Editor in 0.00 ms.
Mono: successfully reloaded assembly
- Completed reload, in  0.761 seconds
Platform modules already initialized, skipping
Refreshing native plugins compatible for Editor in 0.20 ms, found 0 plugins.
Preloading 0 native plugins for Editor in 0.00 ms.
Unloading 1128 Unused Serialized files (Serialized files now loaded: 0)
System memory in use before: 61.3 MB.
System memory in use after: 61.4 MB.

Unloading 5 unused Assets to reduce memory usage. Loaded Objects now: 1627.
Total: 1.771200 ms (FindLiveObjects: 0.174600 ms CreateObjectMapping: 0.076000 ms MarkObjects: 1.472500 ms  DeleteObjects: 0.047200 ms)

========================================================================
Received Import Request.
  Time since last request: 528.541404 seconds.
  path: Assets/_GameAssets/Prefabs/Vehiculos/Tronco.prefab
  artifactKey: Guid(e188b9b03470a6341863e8f5de93fe1e) Importer(815301076,1909f56bfc062723c751e8b465ee728b)
Start importing Assets/_GameAssets/Prefabs/Vehiculos/Tronco.prefab using Guid(e188b9b03470a6341863e8f5de93fe1e) Importer(815301076,1909f56bfc062723c751e8b465ee728b)  -> (artifact id: 'bab04b605bdbe110f370a7c17079f4de') in 0.054943 seconds
  Import took 0.058127 seconds .

========================================================================
Received Prepare
Registering precompiled user dll's ...
Registered in 0.000910 seconds.
Begin MonoManager ReloadAssembly
Native extension for WindowsStandalone target not found
Native extension for WebGL target not found
Refreshing native plugins compatible for Editor in 0.35 ms, found 0 plugins.
Preloading 0 native plugins for Editor in 0.00 ms.
Mono: successfully reloaded assembly
- Completed reload, in  0.729 seconds
Platform modules already initialized, skipping
Refreshing native plugins compatible for Editor in 0.19 ms, found 0 plugins.
Preloading 0 native plugins for Editor in 0.00 ms.
Unloading 1128 Unused Serialized files (Serialized files now loaded: 0)
System memory in use before: 61.3 MB.
System memory in use after: 61.4 MB.

Unloading 5 unused Assets to reduce memory usage. Loaded Objects now: 1631.
Total: 1.613900 ms (FindLiveObjects: 0.164700 ms CreateObjectMapping: 0.064900 ms MarkObjects: 1.338100 ms  DeleteObjects: 0.044400 ms)

========================================================================
Received Import Request.
  Time since last request: 477.151916 seconds.
  path: Assets/_GameAssets/Prefabs/Vehiculos/Tronco.prefab
  artifactKey: Guid(e188b9b03470a6341863e8f5de93fe1e) Importer(815301076,1909f56bfc062723c751e8b465ee728b)
Start importing Assets/_GameAssets/Prefabs/Vehiculos/Tronco.prefab using Guid(e188b9b03470a6341863e8f5de93fe1e) Importer(815301076,1909f56bfc062723c751e8b465ee728b)  -> (artifact id: '5e11048032e2bb622c2a3a6c6b392e77') in 0.060250 seconds
  Import took 0.063084 seconds .

========================================================================
Received Prepare
Registering precompiled user dll's ...
Registered in 0.000499 seconds.
Begin MonoManager ReloadAssembly
Native extension for WindowsStandalone target not found
Native extension for WebGL target not found
Refreshing native plugins compatible for Editor in 0.20 ms, found 0 plugins.
Preloading 0 native plugins for Editor in 0.00 ms.
Mono: successfully reloaded assembly
- Completed reload, in  0.692 seconds
Platform modules already initialized, skipping
Refreshing native plugins compatible for Editor in 0.21 ms, found 0 plugins.
Preloading 0 native plugins for Editor in 0.00 ms.
Unloading 1128 Unused Serialized files (Serialized files now loaded: 0)
System memory in use before: 61.3 MB.
System memory in use after: 61.4 MB.

Unloading 5 unused Assets to reduce memory usage. Loaded Objects now: 1635.
Total: 1.444600 ms (FindLiveObjects: 0.120100 ms CreateObjectMapping: 0.032700 ms MarkObjects: 1.244700 ms  DeleteObjects: 0.046400 ms)

========================================================================
Received Import Request.
  Time since last request: 22.050125 seconds.
  path: Assets/_GameAssets/Prefabs/Vehiculos/Tronco.prefab
  artifactKey: Guid(e188b9b03470a6341863e8f5de93fe1e) Importer(815301076,1909f56bfc062723c751e8b465ee728b)
Start importing Assets/_GameAssets/Prefabs/Vehiculos/Tronco.prefab using Guid(e188b9b03470a6341863e8f5de93fe1e) Importer(815301076,1909f56bfc062723c751e8b465ee728b)  -> (artifact id: '02f1a12e200379cf0843c46f1987bd45') in 0.053928 seconds
  Import took 0.056368 seconds .

========================================================================
Received Prepare
Registering precompiled user dll's ...
Registered in 0.000491 seconds.
Begin MonoManager ReloadAssembly
Native extension for WindowsStandalone target not found
Native extension for WebGL target not found
Refreshing native plugins compatible for Editor in 0.19 ms, found 0 plugins.
Preloading 0 native plugins for Editor in 0.00 ms.
Mono: successfully reloaded assembly
- Completed reload, in  0.757 seconds
Platform modules already initialized, skipping
Refreshing native plugins compatible for Editor in 0.23 ms, found 0 plugins.
Preloading 0 native plugins for Editor in 0.00 ms.
Unloading 1128 Unused Serialized files (Serialized files now loaded: 0)
System memory in use before: 61.3 MB.
System memory in use after: 61.4 MB.

Unloading 5 unused Assets to reduce memory usage. Loaded Objects now: 1639.
Total: 2.404100 ms (FindLiveObjects: 0.205400 ms CreateObjectMapping: 0.074500 ms MarkObjects: 2.044100 ms  DeleteObjects: 0.078600 ms)

========================================================================
Received Prepare
Registering precompiled user dll's ...
Registered in 0.000867 seconds.
Begin MonoManager ReloadAssembly
Native extension for WindowsStandalone target not found
Native extension for WebGL target not found
Refreshing native plugins compatible for Editor in 0.19 ms, found 0 plugins.
Preloading 0 native plugins for Editor in 0.00 ms.
Mono: successfully reloaded assembly
- Completed reload, in  0.708 seconds
Platform modules already initialized, skipping
Refreshing native plugins compatible for Editor in 0.19 ms, found 0 plugins.
Preloading 0 native plugins for Editor in 0.00 ms.
Unloading 1128 Unused Serialized files (Serialized files now loaded: 0)
System memory in use before: 61.3 MB.
System memory in use after: 61.4 MB.

Unloading 5 unused Assets to reduce memory usage. Loaded Objects now: 1642.
Total: 2.058600 ms (FindLiveObjects: 0.273500 ms CreateObjectMapping: 0.066600 ms MarkObjects: 1.669000 ms  DeleteObjects: 0.046900 ms)

========================================================================
Received Prepare
Registering precompiled user dll's ...
Registered in 0.001075 seconds.
Begin MonoManager ReloadAssembly
Native extension for WindowsStandalone target not found
Native extension for WebGL target not found
Refreshing native plugins compatible for Editor in 0.20 ms, found 0 plugins.
Preloading 0 native plugins for Editor in 0.00 ms.
Mono: successfully reloaded assembly
- Completed reload, in  0.990 seconds
Platform modules already initialized, skipping
Refreshing native plugins compatible for Editor in 0.21 ms, found 0 plugins.
Preloading 0 native plugins for Editor in 0.00 ms.
Unloading 1128 Unused Serialized files (Serialized files now loaded: 0)
System memory in use before: 61.3 MB.
System memory in use after: 61.4 MB.

Unloading 5 unused Assets to reduce memory usage. Loaded Objects now: 1645.
Total: 3.231300 ms (FindLiveObjects: 0.280600 ms CreateObjectMapping: 0.155700 ms MarkObjects: 2.716300 ms  DeleteObjects: 0.075800 ms)

========================================================================
Received Prepare
Registering precompiled user dll's ...
Registered in 0.000561 seconds.
Begin MonoManager ReloadAssembly
Native extension for WindowsStandalone target not found
Native extension for WebGL target not found
Refreshing native plugins compatible for Editor in 0.21 ms, found 0 plugins.
Preloading 0 native plugins for Editor in 0.00 ms.
Mono: successfully reloaded assembly
- Completed reload, in  0.700 seconds
Platform modules already initialized, skipping
Refreshing native plugins compatible for Editor in 0.19 ms, found 0 plugins.
Preloading 0 native plugins for Editor in 0.00 ms.
Unloading 1128 Unused Serialized files (Serialized files now loaded: 0)
System memory in use before: 61.3 MB.
System memory in use after: 61.4 MB.

Unloading 5 unused Assets to reduce memory usage. Loaded Objects now: 1648.
Total: 2.120000 ms (FindLiveObjects: 0.391900 ms CreateObjectMapping: 0.163200 ms MarkObjects: 1.517200 ms  DeleteObjects: 0.046400 ms)

========================================================================
Received Prepare
Registering precompiled user dll's ...
Registered in 0.000473 seconds.
Begin MonoManager ReloadAssembly
Native extension for WindowsStandalone target not found
Native extension for WebGL target not found
Refreshing native plugins compatible for Editor in 0.20 ms, found 0 plugins.
Preloading 0 native plugins for Editor in 0.00 ms.
Mono: successfully reloaded assembly
- Completed reload, in  0.679 seconds
Platform modules already initialized, skipping
Refreshing native plugins compatible for Editor in 0.23 ms, found 0 plugins.
Preloading 0 native plugins for Editor in 0.00 ms.
Unloading 1128 Unused Serialized files (Serialized files now loaded: 0)
System memory in use before: 61.4 MB.
System memory in use after: 61.4 MB.

Unloading 5 unused Assets to reduce memory usage. Loaded Objects now: 1651.
Total: 1.823600 ms (FindLiveObjects: 0.187700 ms CreateObjectMapping: 0.078200 ms MarkObjects: 1.509500 ms  DeleteObjects: 0.047200 ms)

========================================================================
Received Prepare
Registering precompiled user dll's ...
Registered in 0.000492 seconds.
Begin MonoManager ReloadAssembly
Native extension for WindowsStandalone target not found
Native extension for WebGL target not found
Refreshing native plugins compatible for Editor in 0.20 ms, found 0 plugins.
Preloading 0 native plugins for Editor in 0.00 ms.
Mono: successfully reloaded assembly
- Completed reload, in  0.712 seconds
Platform modules already initialized, skipping
Refreshing native plugins compatible for Editor in 0.21 ms, found 0 plugins.
Preloading 0 native plugins for Editor in 0.00 ms.
Unloading 1128 Unused Serialized files (Serialized files now loaded: 0)
System memory in use before: 61.4 MB.
System memory in use after: 61.4 MB.

Unloading 5 unused Assets to reduce memory usage. Loaded Objects now: 1654.
Total: 1.580000 ms (FindLiveObjects: 0.140800 ms CreateObjectMapping: 0.058000 ms MarkObjects: 1.338400 ms  DeleteObjects: 0.041800 ms)

========================================================================
Received Import Request.
  Time since last request: 705.861674 seconds.
  path: Assets/_GameAssets/Prefabs/Vehiculos/Coche.prefab
  artifactKey: Guid(c6d1b89cb50e4d94296abe560ea6ad7e) Importer(815301076,1909f56bfc062723c751e8b465ee728b)
Start importing Assets/_GameAssets/Prefabs/Vehiculos/Coche.prefab using Guid(c6d1b89cb50e4d94296abe560ea6ad7e) Importer(815301076,1909f56bfc062723c751e8b465ee728b)  -> (artifact id: '42b164a83a65a2a563b80980f8f9c651') in 0.058873 seconds
  Import took 0.061172 seconds .

========================================================================
Received Prepare
Registering precompiled user dll's ...
Registered in 0.000720 seconds.
Begin MonoManager ReloadAssembly
Native extension for WindowsStandalone target not found
Native extension for WebGL target not found
Refreshing native plugins compatible for Editor in 0.35 ms, found 0 plugins.
Preloading 0 native plugins for Editor in 0.00 ms.
Mono: successfully reloaded assembly
- Completed reload, in  0.695 seconds
Platform modules already initialized, skipping
Refreshing native plugins compatible for Editor in 0.21 ms, found 0 plugins.
Preloading 0 native plugins for Editor in 0.00 ms.
Unloading 1128 Unused Serialized files (Serialized files now loaded: 0)
System memory in use before: 61.4 MB.
System memory in use after: 61.4 MB.

Unloading 5 unused Assets to reduce memory usage. Loaded Objects now: 1658.
Total: 1.613600 ms (FindLiveObjects: 0.117500 ms CreateObjectMapping: 0.032500 ms MarkObjects: 1.418700 ms  DeleteObjects: 0.044100 ms)

========================================================================
Received Prepare
Registering precompiled user dll's ...
Registered in 0.000611 seconds.
Begin MonoManager ReloadAssembly
Native extension for WindowsStandalone target not found
Native extension for WebGL target not found
Refreshing native plugins compatible for Editor in 0.19 ms, found 0 plugins.
Preloading 0 native plugins for Editor in 0.00 ms.
Mono: successfully reloaded assembly
- Completed reload, in  0.720 seconds
Platform modules already initialized, skipping
Refreshing native plugins compatible for Editor in 0.28 ms, found 0 plugins.
Preloading 0 native plugins for Editor in 0.00 ms.
Unloading 1128 Unused Serialized files (Serialized files now loaded: 0)
System memory in use before: 61.4 MB.
System memory in use after: 61.4 MB.

Unloading 5 unused Assets to reduce memory usage. Loaded Objects now: 1661.
Total: 1.507300 ms (FindLiveObjects: 0.133500 ms CreateObjectMapping: 0.035100 ms MarkObjects: 1.292200 ms  DeleteObjects: 0.045600 ms)

========================================================================
Received Prepare
Registering precompiled user dll's ...
Registered in 0.000883 seconds.
Begin MonoManager ReloadAssembly
Native extension for WindowsStandalone target not found
Native extension for WebGL target not found
Refreshing native plugins compatible for Editor in 0.20 ms, found 0 plugins.
Preloading 0 native plugins for Editor in 0.00 ms.
Mono: successfully reloaded assembly
- Completed reload, in  0.729 seconds
Platform modules already initialized, skipping
Refreshing native plugins compatible for Editor in 0.21 ms, found 0 plugins.
Preloading 0 native plugins for Editor in 0.00 ms.
Unloading 1128 Unused Serialized files (Serialized files now loaded: 0)
System memory in use before: 61.4 MB.
System memory in use after: 61.5 MB.

Unloading 5 unused Assets to reduce memory usage. Loaded Objects now: 1664.
Total: 1.601600 ms (FindLiveObjects: 0.141300 ms CreateObjectMapping: 0.056100 ms MarkObjects: 1.359400 ms  DeleteObjects: 0.043600 ms)

========================================================================
Received Prepare
Registering precompiled user dll's ...
Registered in 0.000710 seconds.
Begin MonoManager ReloadAssembly
Native extension for WindowsStandalone target not found
Native extension for WebGL target not found
Refreshing native plugins compatible for Editor in 0.43 ms, found 0 plugins.
Preloading 0 native plugins for Editor in 0.00 ms.
Mono: successfully reloaded assembly
- Completed reload, in  0.719 seconds
Platform modules already initialized, skipping
Refreshing native plugins compatible for Editor in 0.19 ms, found 0 plugins.
Preloading 0 native plugins for Editor in 0.00 ms.
Unloading 1128 Unused Serialized files (Serialized files now loaded: 0)
System memory in use before: 61.4 MB.
System memory in use after: 61.5 MB.

Unloading 5 unused Assets to reduce memory usage. Loaded Objects now: 1667.
Total: 1.903700 ms (FindLiveObjects: 0.175000 ms CreateObjectMapping: 0.076400 ms MarkObjects: 1.597300 ms  DeleteObjects: 0.053100 ms)

========================================================================
Received Prepare
Registering precompiled user dll's ...
Registered in 0.000529 seconds.
Begin MonoManager ReloadAssembly
Native extension for WindowsStandalone target not found
Native extension for WebGL target not found
Refreshing native plugins compatible for Editor in 0.19 ms, found 0 plugins.
Preloading 0 native plugins for Editor in 0.00 ms.
Mono: successfully reloaded assembly
- Completed reload, in  0.945 seconds
Platform modules already initialized, skipping
Refreshing native plugins compatible for Editor in 0.29 ms, found 0 plugins.
Preloading 0 native plugins for Editor in 0.00 ms.
Unloading 1128 Unused Serialized files (Serialized files now loaded: 0)
System memory in use before: 61.4 MB.
System memory in use after: 61.5 MB.

Unloading 5 unused Assets to reduce memory usage. Loaded Objects now: 1670.
Total: 3.934200 ms (FindLiveObjects: 0.282400 ms CreateObjectMapping: 0.124100 ms MarkObjects: 3.357600 ms  DeleteObjects: 0.167200 ms)

========================================================================
Received Prepare
Registering precompiled user dll's ...
Registered in 0.000472 seconds.
Begin MonoManager ReloadAssembly
Native extension for WindowsStandalone target not found
Native extension for WebGL target not found
Refreshing native plugins compatible for Editor in 0.30 ms, found 0 plugins.
Preloading 0 native plugins for Editor in 0.00 ms.
Mono: successfully reloaded assembly
- Completed reload, in  0.962 seconds
Platform modules already initialized, skipping
Refreshing native plugins compatible for Editor in 0.20 ms, found 0 plugins.
Preloading 0 native plugins for Editor in 0.00 ms.
Unloading 1128 Unused Serialized files (Serialized files now loaded: 0)
System memory in use before: 61.4 MB.
System memory in use after: 61.5 MB.

Unloading 5 unused Assets to reduce memory usage. Loaded Objects now: 1673.
Total: 2.158600 ms (FindLiveObjects: 0.491100 ms CreateObjectMapping: 0.186800 ms MarkObjects: 1.433300 ms  DeleteObjects: 0.046100 ms)

========================================================================
Received Prepare
Registering precompiled user dll's ...
Registered in 0.000595 seconds.
Begin MonoManager ReloadAssembly
Native extension for WindowsStandalone target not found
Native extension for WebGL target not found
Refreshing native plugins compatible for Editor in 0.26 ms, found 0 plugins.
Preloading 0 native plugins for Editor in 0.00 ms.
Mono: successfully reloaded assembly
- Completed reload, in  1.020 seconds
Platform modules already initialized, skipping
Refreshing native plugins compatible for Editor in 0.23 ms, found 0 plugins.
Preloading 0 native plugins for Editor in 0.00 ms.
Unloading 1128 Unused Serialized files (Serialized files now loaded: 0)
System memory in use before: 61.4 MB.
System memory in use after: 61.5 MB.

Unloading 5 unused Assets to reduce memory usage. Loaded Objects now: 1676.
Total: 1.410500 ms (FindLiveObjects: 0.123000 ms CreateObjectMapping: 0.033200 ms MarkObjects: 1.211300 ms  DeleteObjects: 0.040800 ms)

========================================================================
Received Prepare
Registering precompiled user dll's ...
Registered in 0.000841 seconds.
Begin MonoManager ReloadAssembly
Native extension for WindowsStandalone target not found
Native extension for WebGL target not found
Refreshing native plugins compatible for Editor in 0.21 ms, found 0 plugins.
Preloading 0 native plugins for Editor in 0.00 ms.
Mono: successfully reloaded assembly
- Completed reload, in  0.710 seconds
Platform modules already initialized, skipping
Refreshing native plugins compatible for Editor in 0.20 ms, found 0 plugins.
Preloading 0 native plugins for Editor in 0.00 ms.
Unloading 1128 Unused Serialized files (Serialized files now loaded: 0)
System memory in use before: 61.4 MB.
System memory in use after: 61.5 MB.

Unloading 5 unused Assets to reduce memory usage. Loaded Objects now: 1679.
Total: 1.703400 ms (FindLiveObjects: 0.150700 ms CreateObjectMapping: 0.062400 ms MarkObjects: 1.444200 ms  DeleteObjects: 0.045200 ms)

========================================================================
Received Import Request.
  Time since last request: 1253.326594 seconds.
  path: Assets/_GameAssets/Textures/Wood.jpg
  artifactKey: Guid(b1b0a81bd4df2544f82cb501e1da1c94) Importer(815301076,1909f56bfc062723c751e8b465ee728b)
Start importing Assets/_GameAssets/Textures/Wood.jpg using Guid(b1b0a81bd4df2544f82cb501e1da1c94) Importer(815301076,1909f56bfc062723c751e8b465ee728b)  -> (artifact id: 'a7a5425e8ffe7b95106145582e98f578') in 0.063696 seconds
  Import took 0.065543 seconds .

========================================================================
Received Import Request.
  Time since last request: 0.016757 seconds.
  path: Assets/_GameAssets/Textures/Wood.jpg
  artifactKey: Guid(b1b0a81bd4df2544f82cb501e1da1c94) Importer(815301076,1909f56bfc062723c751e8b465ee728b)
Start importing Assets/_GameAssets/Textures/Wood.jpg using Guid(b1b0a81bd4df2544f82cb501e1da1c94) Importer(815301076,1909f56bfc062723c751e8b465ee728b)  -> (artifact id: 'a7a5425e8ffe7b95106145582e98f578') in 0.017870 seconds
  Import took 0.020636 seconds .

========================================================================
Received Import Request.
  Time since last request: 18.853576 seconds.
  path: Assets/_GameAssets/Textures/Wood.jpg
  artifactKey: Guid(b1b0a81bd4df2544f82cb501e1da1c94) Importer(815301076,1909f56bfc062723c751e8b465ee728b)
Start importing Assets/_GameAssets/Textures/Wood.jpg using Guid(b1b0a81bd4df2544f82cb501e1da1c94) Importer(815301076,1909f56bfc062723c751e8b465ee728b)  -> (artifact id: '5e36df49511867a88b9ba3a44fc5a724') in 0.037949 seconds
  Import took 0.040144 seconds .

========================================================================
Received Import Request.
  Time since last request: 2.250244 seconds.
  path: Assets/_GameAssets/Prefabs/Vehiculos/Tronco.prefab
  artifactKey: Guid(e188b9b03470a6341863e8f5de93fe1e) Importer(815301076,1909f56bfc062723c751e8b465ee728b)
Start importing Assets/_GameAssets/Prefabs/Vehiculos/Tronco.prefab using Guid(e188b9b03470a6341863e8f5de93fe1e) Importer(815301076,1909f56bfc062723c751e8b465ee728b)  -> (artifact id: '7e4d467024938db77466fad9bc8cb4c8') in 0.029866 seconds
  Import took 0.031739 seconds .

========================================================================
Received Prepare
Registering precompiled user dll's ...
Registered in 0.000748 seconds.
Begin MonoManager ReloadAssembly
Native extension for WindowsStandalone target not found
Native extension for WebGL target not found
Refreshing native plugins compatible for Editor in 0.20 ms, found 0 plugins.
Preloading 0 native plugins for Editor in 0.00 ms.
Mono: successfully reloaded assembly
- Completed reload, in  0.757 seconds
Platform modules already initialized, skipping
Refreshing native plugins compatible for Editor in 0.23 ms, found 0 plugins.
Preloading 0 native plugins for Editor in 0.00 ms.
Unloading 1128 Unused Serialized files (Serialized files now loaded: 0)
System memory in use before: 61.4 MB.
System memory in use after: 61.5 MB.

Unloading 5 unused Assets to reduce memory usage. Loaded Objects now: 1685.
Total: 2.182700 ms (FindLiveObjects: 0.432400 ms CreateObjectMapping: 0.144800 ms MarkObjects: 1.555100 ms  DeleteObjects: 0.047700 ms)

========================================================================
Received Prepare
Registering precompiled user dll's ...
Registered in 0.001675 seconds.
Begin MonoManager ReloadAssembly
Native extension for WindowsStandalone target not found
Native extension for WebGL target not found
Refreshing native plugins compatible for Editor in 0.33 ms, found 0 plugins.
Preloading 0 native plugins for Editor in 0.00 ms.
Mono: successfully reloaded assembly
- Completed reload, in  0.744 seconds
Platform modules already initialized, skipping
Refreshing native plugins compatible for Editor in 0.32 ms, found 0 plugins.
Preloading 0 native plugins for Editor in 0.00 ms.
Unloading 1128 Unused Serialized files (Serialized files now loaded: 0)
System memory in use before: 61.4 MB.
System memory in use after: 61.5 MB.

Unloading 5 unused Assets to reduce memory usage. Loaded Objects now: 1688.
Total: 1.989100 ms (FindLiveObjects: 0.190000 ms CreateObjectMapping: 0.067200 ms MarkObjects: 1.648100 ms  DeleteObjects: 0.081000 ms)

========================================================================
Received Prepare
Registering precompiled user dll's ...
Registered in 0.000527 seconds.
Begin MonoManager ReloadAssembly
Native extension for WindowsStandalone target not found
Native extension for WebGL target not found
Refreshing native plugins compatible for Editor in 0.19 ms, found 0 plugins.
Preloading 0 native plugins for Editor in 0.00 ms.
Mono: successfully reloaded assembly
- Completed reload, in  0.789 seconds
Platform modules already initialized, skipping
Refreshing native plugins compatible for Editor in 0.30 ms, found 0 plugins.
Preloading 0 native plugins for Editor in 0.00 ms.
Unloading 1128 Unused Serialized files (Serialized files now loaded: 0)
System memory in use before: 61.4 MB.
System memory in use after: 61.5 MB.

Unloading 5 unused Assets to reduce memory usage. Loaded Objects now: 1691.
Total: 1.472500 ms (FindLiveObjects: 0.115100 ms CreateObjectMapping: 0.031200 ms MarkObjects: 1.283000 ms  DeleteObjects: 0.042400 ms)

========================================================================
Received Prepare
Registering precompiled user dll's ...
Registered in 0.000715 seconds.
Begin MonoManager ReloadAssembly
Native extension for WindowsStandalone target not found
Native extension for WebGL target not found
Refreshing native plugins compatible for Editor in 0.35 ms, found 0 plugins.
Preloading 0 native plugins for Editor in 0.00 ms.
Mono: successfully reloaded assembly
- Completed reload, in  0.901 seconds
Platform modules already initialized, skipping
Refreshing native plugins compatible for Editor in 0.29 ms, found 0 plugins.
Preloading 0 native plugins for Editor in 0.00 ms.
Unloading 1128 Unused Serialized files (Serialized files now loaded: 0)
System memory in use before: 61.4 MB.
System memory in use after: 61.5 MB.

Unloading 5 unused Assets to reduce memory usage. Loaded Objects now: 1694.
Total: 2.816000 ms (FindLiveObjects: 0.179200 ms CreateObjectMapping: 0.078300 ms MarkObjects: 2.481700 ms  DeleteObjects: 0.074600 ms)

